/*C3*/SET SCHEMA PUBLIC
DISCONNECT
/*C2*/SET SCHEMA PUBLIC
DISCONNECT
/*C4*/SET SCHEMA PUBLIC
DISCONNECT
/*C6*/SET SCHEMA PUBLIC
drop table Usuario if exists
DISCONNECT
/*C7*/SET SCHEMA PUBLIC
drop table Usuario if exists
/*C8*/SET SCHEMA PUBLIC
CREATE TABLE usuario (\u000d\u000a\u0009nome VARCHAR(100) NOT NULL UNIQUE, \u000d\u000a\u0009senha VARCHAR(50) NOT NULL,\u000d\u000a)
DISCONNECT
/*C9*/SET SCHEMA PUBLIC
DISCONNECT
/*C10*/SET SCHEMA PUBLIC
DISCONNECT
/*C7*/DISCONNECT
/*C11*/SET SCHEMA PUBLIC
drop table Usuario if exists
/*C12*/SET SCHEMA PUBLIC
CREATE TABLE usuario (\u000d\u000a\u0009nome VARCHAR(100) NOT NULL UNIQUE, \u000d\u000a\u0009senha VARCHAR(50) NOT NULL,\u000d\u000a)
DISCONNECT
/*C13*/SET SCHEMA PUBLIC
DISCONNECT
/*C11*/DISCONNECT
/*C15*/SET SCHEMA PUBLIC
drop table Usuario if exists
/*C14*/SET SCHEMA PUBLIC
CREATE TABLE usuario (\u000d\u000a\u0009nome VARCHAR(100) NOT NULL UNIQUE, \u000d\u000a\u0009senha VARCHAR(50) NOT NULL,\u000d\u000a)
DISCONNECT
/*C15*/DISCONNECT
/*C17*/SET SCHEMA PUBLIC
drop table Usuario if exists
/*C16*/SET SCHEMA PUBLIC
DISCONNECT
/*C17*/DISCONNECT
/*C18*/SET SCHEMA PUBLIC
CREATE TABLE usuario (\u000d\u000a\u0009nome VARCHAR(100) NOT NULL UNIQUE, \u000d\u000a\u0009senha VARCHAR(50) NOT NULL,\u000d\u000a)
/*C19*/SET SCHEMA PUBLIC
drop table Usuario if exists
/*C18*/DISCONNECT
/*C19*/DISCONNECT
/*C20*/SET SCHEMA PUBLIC
CREATE TABLE usuario (\u000d\u000a\u0009nome VARCHAR(100) NOT NULL UNIQUE, \u000d\u000a\u0009senha VARCHAR(50) NOT NULL,\u000d\u000a)
/*C21*/SET SCHEMA PUBLIC
drop table Usuario if exists
/*C20*/DISCONNECT
/*C21*/DISCONNECT
/*C22*/SET SCHEMA PUBLIC
CREATE TABLE usuario (\u000d\u000a\u0009nome VARCHAR(100) NOT NULL UNIQUE, \u000d\u000a\u0009senha VARCHAR(50) NOT NULL,\u000d\u000a)
/*C23*/SET SCHEMA PUBLIC
drop table Usuario if exists
/*C22*/CREATE TABLE usuario (\u000d\u000a\u0009nome VARCHAR(100) NOT NULL UNIQUE, \u000d\u000a\u0009senha VARCHAR(50) NOT NULL,\u000d\u000a)
DISCONNECT
/*C23*/DISCONNECT
/*C24*/SET SCHEMA PUBLIC
drop table Usuario if exists
/*C25*/SET SCHEMA PUBLIC
CREATE TABLE usuario (\u000d\u000a\u0009nome VARCHAR(100) NOT NULL UNIQUE, \u000d\u000a\u0009senha VARCHAR(50) NOT NULL,\u000d\u000a)
DISCONNECT
/*C24*/DISCONNECT
/*C27*/SET SCHEMA PUBLIC
drop table Usuario if exists
/*C26*/SET SCHEMA PUBLIC
CREATE TABLE usuario (\u000d\u000a\u0009nome VARCHAR(100) NOT NULL UNIQUE, \u000d\u000a\u0009senha VARCHAR(50) NOT NULL,\u000d\u000a)
DISCONNECT
/*C27*/DISCONNECT
